<?xml version="1.0" encoding="UTF-8"?>
<testsuite xmlns:xsi="http://www.w3.org/2001/XMLSchema-instance" xsi:noNamespaceSchemaLocation="https://maven.apache.org/surefire/maven-surefire-plugin/xsd/surefire-test-report-3.0.xsd" version="3.0" name="petriNetTest" time="0.057" tests="2" errors="0" skipped="0" failures="0">
  <properties>
    <property name="java.specification.version" value="21"/>
    <property name="sun.jnu.encoding" value="UTF-8"/>
    <property name="java.class.path" value="/home/felipe/repos/TPFinal-Concurrente/TPFinal/target/test-classes:/home/felipe/repos/TPFinal-Concurrente/TPFinal/target/classes:/home/felipe/.m2/repository/org/apache/maven/plugins/maven-jar-plugin/3.3.0/maven-jar-plugin-3.3.0.jar:/home/felipe/.m2/repository/org/apache/maven/shared/file-management/3.1.0/file-management-3.1.0.jar:/home/felipe/.m2/repository/org/slf4j/slf4j-api/1.7.36/slf4j-api-1.7.36.jar:/home/felipe/.m2/repository/commons-io/commons-io/2.11.0/commons-io-2.11.0.jar:/home/felipe/.m2/repository/org/apache/maven/maven-archiver/3.6.0/maven-archiver-3.6.0.jar:/home/felipe/.m2/repository/org/codehaus/plexus/plexus-io/3.4.0/plexus-io-3.4.0.jar:/home/felipe/.m2/repository/javax/inject/javax.inject/1/javax.inject-1.jar:/home/felipe/.m2/repository/org/codehaus/plexus/plexus-archiver/4.4.0/plexus-archiver-4.4.0.jar:/home/felipe/.m2/repository/org/apache/commons/commons-compress/1.21/commons-compress-1.21.jar:/home/felipe/.m2/repository/org/iq80/snappy/snappy/0.4/snappy-0.4.jar:/home/felipe/.m2/repository/org/tukaani/xz/1.9/xz-1.9.jar:/home/felipe/.m2/repository/org/codehaus/plexus/plexus-interpolation/1.26/plexus-interpolation-1.26.jar:/home/felipe/.m2/repository/org/codehaus/plexus/plexus-utils/3.4.2/plexus-utils-3.4.2.jar:/home/felipe/.m2/repository/org/apache/commons/commons-math3/3.6.1/commons-math3-3.6.1.jar:/home/felipe/.m2/repository/junit/junit/4.13.2/junit-4.13.2.jar:/home/felipe/.m2/repository/org/hamcrest/hamcrest-core/1.3/hamcrest-core-1.3.jar:"/>
    <property name="java.vm.vendor" value="Oracle Corporation"/>
    <property name="sun.arch.data.model" value="64"/>
    <property name="java.vendor.url" value="https://java.oracle.com/"/>
    <property name="os.name" value="Linux"/>
    <property name="java.vm.specification.version" value="21"/>
    <property name="sun.java.launcher" value="SUN_STANDARD"/>
    <property name="user.country" value="US"/>
    <property name="sun.boot.library.path" value="/home/felipe/.local/opt/java/jdk/jdk-21.0.1/lib"/>
    <property name="sun.java.command" value="/home/felipe/repos/TPFinal-Concurrente/TPFinal/target/surefire/surefirebooter-20240202012244209_3.jar /home/felipe/repos/TPFinal-Concurrente/TPFinal/target/surefire 2024-02-02T01-22-44_131-jvmRun1 surefire-20240202012244209_1tmp surefire_0-20240202012244209_2tmp"/>
    <property name="jdk.debug" value="release"/>
    <property name="surefire.test.class.path" value="/home/felipe/repos/TPFinal-Concurrente/TPFinal/target/test-classes:/home/felipe/repos/TPFinal-Concurrente/TPFinal/target/classes:/home/felipe/.m2/repository/org/apache/maven/plugins/maven-jar-plugin/3.3.0/maven-jar-plugin-3.3.0.jar:/home/felipe/.m2/repository/org/apache/maven/shared/file-management/3.1.0/file-management-3.1.0.jar:/home/felipe/.m2/repository/org/slf4j/slf4j-api/1.7.36/slf4j-api-1.7.36.jar:/home/felipe/.m2/repository/commons-io/commons-io/2.11.0/commons-io-2.11.0.jar:/home/felipe/.m2/repository/org/apache/maven/maven-archiver/3.6.0/maven-archiver-3.6.0.jar:/home/felipe/.m2/repository/org/codehaus/plexus/plexus-io/3.4.0/plexus-io-3.4.0.jar:/home/felipe/.m2/repository/javax/inject/javax.inject/1/javax.inject-1.jar:/home/felipe/.m2/repository/org/codehaus/plexus/plexus-archiver/4.4.0/plexus-archiver-4.4.0.jar:/home/felipe/.m2/repository/org/apache/commons/commons-compress/1.21/commons-compress-1.21.jar:/home/felipe/.m2/repository/org/iq80/snappy/snappy/0.4/snappy-0.4.jar:/home/felipe/.m2/repository/org/tukaani/xz/1.9/xz-1.9.jar:/home/felipe/.m2/repository/org/codehaus/plexus/plexus-interpolation/1.26/plexus-interpolation-1.26.jar:/home/felipe/.m2/repository/org/codehaus/plexus/plexus-utils/3.4.2/plexus-utils-3.4.2.jar:/home/felipe/.m2/repository/org/apache/commons/commons-math3/3.6.1/commons-math3-3.6.1.jar:/home/felipe/.m2/repository/junit/junit/4.13.2/junit-4.13.2.jar:/home/felipe/.m2/repository/org/hamcrest/hamcrest-core/1.3/hamcrest-core-1.3.jar:"/>
    <property name="sun.cpu.endian" value="little"/>
    <property name="user.home" value="/home/felipe"/>
    <property name="user.language" value="en"/>
    <property name="java.specification.vendor" value="Oracle Corporation"/>
    <property name="java.version.date" value="2023-10-17"/>
    <property name="java.home" value="/home/felipe/.local/opt/java/jdk/jdk-21.0.1"/>
    <property name="file.separator" value="/"/>
    <property name="basedir" value="/home/felipe/repos/TPFinal-Concurrente/TPFinal"/>
    <property name="java.vm.compressedOopsMode" value="Zero based"/>
    <property name="line.separator" value="&#10;"/>
    <property name="java.specification.name" value="Java Platform API Specification"/>
    <property name="java.vm.specification.vendor" value="Oracle Corporation"/>
    <property name="surefire.real.class.path" value="/home/felipe/repos/TPFinal-Concurrente/TPFinal/target/surefire/surefirebooter-20240202012244209_3.jar"/>
    <property name="sun.management.compiler" value="HotSpot 64-Bit Tiered Compilers"/>
    <property name="java.runtime.version" value="21.0.1+12-LTS-29"/>
    <property name="user.name" value="felipe"/>
    <property name="stdout.encoding" value="UTF-8"/>
    <property name="path.separator" value=":"/>
    <property name="os.version" value="6.1.70-1-lts"/>
    <property name="java.runtime.name" value="Java(TM) SE Runtime Environment"/>
    <property name="file.encoding" value="UTF-8"/>
    <property name="java.vm.name" value="Java HotSpot(TM) 64-Bit Server VM"/>
    <property name="localRepository" value="/home/felipe/.m2/repository"/>
    <property name="java.vendor.url.bug" value="https://bugreport.java.com/bugreport/"/>
    <property name="java.io.tmpdir" value="/tmp"/>
    <property name="java.version" value="21.0.1"/>
    <property name="user.dir" value="/home/felipe/repos/TPFinal-Concurrente/TPFinal"/>
    <property name="os.arch" value="amd64"/>
    <property name="java.vm.specification.name" value="Java Virtual Machine Specification"/>
    <property name="native.encoding" value="UTF-8"/>
    <property name="java.library.path" value="/usr/java/packages/lib:/usr/lib64:/lib64:/lib:/usr/lib"/>
    <property name="java.vm.info" value="mixed mode, sharing"/>
    <property name="stderr.encoding" value="UTF-8"/>
    <property name="java.vendor" value="Oracle Corporation"/>
    <property name="java.vm.version" value="21.0.1+12-LTS-29"/>
    <property name="sun.io.unicode.encoding" value="UnicodeLittle"/>
    <property name="java.class.version" value="65.0"/>
  </properties>
  <testcase name="fireTest1" classname="petriNetTest" time="0.025">
    <system-out><![CDATA[petriNetTest: fireTest1 Test Passed
]]></system-out>
  </testcase>
  <testcase name="fireTest2" classname="petriNetTest" time="0.0">
    <system-out><![CDATA[petriNetTest: fireTest1 Test Passed
]]></system-out>
  </testcase>
</testsuite>